TN:
SF:/Users/lzz/github/bootstrap3-grid/src/bootstrap3-grid.js
FN:8,dataPage
FN:14,supportsHistoryApi
FN:18,defaultUrlWriter
FN:28,defaultUrlReader
FN:48,(anonymous_5)
FN:85,(anonymous_6)
FN:115,(anonymous_7)
FN:168,(anonymous_8)
FN:176,(anonymous_9)
FN:192,(anonymous_10)
FN:207,(anonymous_11)
FN:210,(anonymous_12)
FN:216,(anonymous_13)
FN:229,(anonymous_14)
FN:233,(anonymous_15)
FN:237,(anonymous_16)
FN:245,(anonymous_17)
FN:252,(anonymous_18)
FN:282,setSortHeadings
FN:291,sort
FN:297,(anonymous_21)
FN:303,(anonymous_22)
FN:307,(anonymous_23)
FN:311,(anonymous_24)
FN:338,(anonymous_25)
FN:342,(anonymous_26)
FN:346,(anonymous_27)
FN:354,(anonymous_28)
FN:364,(anonymous_29)
FN:371,(anonymous_30)
FN:397,(anonymous_31)
FN:400,(anonymous_32)
FN:406,(anonymous_33)
FN:413,(anonymous_34)
FN:442,(anonymous_35)
FN:483,(anonymous_36)
FN:487,(anonymous_37)
FN:493,(anonymous_38)
FN:497,(anonymous_39)
FN:508,(anonymous_40)
FN:512,(anonymous_41)
FN:519,(anonymous_42)
FN:523,(anonymous_43)
FN:531,(anonymous_44)
FN:535,(anonymous_45)
FN:543,gotoTextPickerPage
FN:553,(anonymous_47)
FN:560,(anonymous_48)
FN:567,(anonymous_49)
FN:588,(anonymous_50)
FN:600,(anonymous_51)
FN:626,(anonymous_52)
FN:633,(anonymous_53)
FN:641,(anonymous_54)
FN:653,(anonymous_55)
FN:681,(anonymous_56)
FN:686,(anonymous_57)
FN:708,(anonymous_58)
FN:731,(anonymous_59)
FN:762,(anonymous_60)
FN:791,(anonymous_61)
FN:806,(anonymous_62)
FN:838,(anonymous_63)
FN:890,(anonymous_64)
FN:897,(anonymous_65)
FN:959,(anonymous_66)
FN:963,(anonymous_67)
FN:968,(anonymous_68)
FN:1075,(anonymous_69)
FN:1077,(anonymous_70)
FN:1089,(anonymous_71)
FN:1094,(anonymous_72)
FN:1097,(anonymous_73)
FN:1121,(anonymous_74)
FN:1134,(anonymous_75)
FNF:75
FNH:26
FNDA:25,dataPage
FNDA:0,supportsHistoryApi
FNDA:0,defaultUrlWriter
FNDA:0,defaultUrlReader
FNDA:25,(anonymous_5)
FNDA:25,(anonymous_6)
FNDA:25,(anonymous_7)
FNDA:25,(anonymous_8)
FNDA:0,(anonymous_9)
FNDA:0,(anonymous_10)
FNDA:0,(anonymous_11)
FNDA:0,(anonymous_12)
FNDA:0,(anonymous_13)
FNDA:0,(anonymous_14)
FNDA:0,(anonymous_15)
FNDA:0,(anonymous_16)
FNDA:0,(anonymous_17)
FNDA:0,(anonymous_18)
FNDA:0,setSortHeadings
FNDA:0,sort
FNDA:0,(anonymous_21)
FNDA:0,(anonymous_22)
FNDA:0,(anonymous_23)
FNDA:0,(anonymous_24)
FNDA:0,(anonymous_25)
FNDA:1,(anonymous_26)
FNDA:25,(anonymous_27)
FNDA:0,(anonymous_28)
FNDA:127,(anonymous_29)
FNDA:50,(anonymous_30)
FNDA:25,(anonymous_31)
FNDA:0,(anonymous_32)
FNDA:2,(anonymous_33)
FNDA:25,(anonymous_34)
FNDA:52,(anonymous_35)
FNDA:0,(anonymous_36)
FNDA:0,(anonymous_37)
FNDA:0,(anonymous_38)
FNDA:0,(anonymous_39)
FNDA:0,(anonymous_40)
FNDA:0,(anonymous_41)
FNDA:0,(anonymous_42)
FNDA:0,(anonymous_43)
FNDA:2,(anonymous_44)
FNDA:0,(anonymous_45)
FNDA:0,gotoTextPickerPage
FNDA:0,(anonymous_47)
FNDA:0,(anonymous_48)
FNDA:0,(anonymous_49)
FNDA:0,(anonymous_50)
FNDA:0,(anonymous_51)
FNDA:0,(anonymous_52)
FNDA:0,(anonymous_53)
FNDA:0,(anonymous_54)
FNDA:0,(anonymous_55)
FNDA:27,(anonymous_56)
FNDA:3,(anonymous_57)
FNDA:27,(anonymous_58)
FNDA:0,(anonymous_59)
FNDA:0,(anonymous_60)
FNDA:0,(anonymous_61)
FNDA:0,(anonymous_62)
FNDA:27,(anonymous_63)
FNDA:88,(anonymous_64)
FNDA:128,(anonymous_65)
FNDA:0,(anonymous_66)
FNDA:0,(anonymous_67)
FNDA:25,(anonymous_68)
FNDA:0,(anonymous_69)
FNDA:0,(anonymous_70)
FNDA:225,(anonymous_71)
FNDA:100,(anonymous_72)
FNDA:25,(anonymous_73)
FNDA:25,(anonymous_74)
FNDA:1,(anonymous_75)
DA:1,1
DA:2,1
DA:4,1
DA:5,1
DA:6,1
DA:8,1
DA:9,25
DA:10,25
DA:11,25
DA:14,1
DA:15,0
DA:18,1
DA:19,0
DA:20,0
DA:21,0
DA:23,0
DA:25,0
DA:28,1
DA:29,0
DA:30,0
DA:31,0
DA:32,0
DA:38,0
DA:48,1
DA:49,25
DA:50,25
DA:52,25
DA:55,1
DA:86,25
DA:87,25
DA:89,25
DA:91,25
DA:92,25
DA:93,25
DA:94,25
DA:95,25
DA:96,25
DA:98,25
DA:100,25
DA:101,25
DA:103,25
DA:104,0
DA:106,25
DA:116,25
DA:117,25
DA:118,25
DA:119,25
DA:120,25
DA:121,25
DA:122,25
DA:125,25
DA:126,1
DA:127,1
DA:129,1
DA:130,0
DA:132,1
DA:133,3
DA:134,1
DA:136,2
DA:139,1
DA:142,1
DA:143,0
DA:145,1
DA:146,1
DA:147,1
DA:148,1
DA:150,0
DA:153,1
DA:157,1
DA:158,1
DA:159,1
DA:170,25
DA:171,24
DA:173,1
DA:174,1
DA:175,1
DA:177,1
DA:178,0
DA:179,0
DA:180,0
DA:181,0
DA:182,0
DA:183,0
DA:185,0
DA:186,0
DA:187,0
DA:189,0
DA:190,0
DA:193,1
DA:194,0
DA:195,0
DA:196,0
DA:198,0
DA:210,0
DA:211,0
DA:212,0
DA:213,0
DA:215,0
DA:219,0
DA:221,0
DA:222,0
DA:225,0
DA:226,0
DA:232,0
DA:236,0
DA:240,0
DA:241,0
DA:242,0
DA:243,0
DA:244,0
DA:246,0
DA:247,0
DA:248,0
DA:252,0
DA:253,0
DA:254,0
DA:255,0
DA:256,0
DA:257,0
DA:258,0
DA:259,0
DA:260,0
DA:261,0
DA:263,0
DA:264,0
DA:265,0
DA:266,0
DA:267,0
DA:273,0
DA:274,0
DA:275,0
DA:280,0
DA:281,0
DA:282,0
DA:284,1
DA:285,0
DA:286,0
DA:287,0
DA:289,0
DA:290,0
DA:293,1
DA:294,0
DA:295,0
DA:296,0
DA:298,0
DA:299,0
DA:300,0
DA:304,0
DA:305,0
DA:306,0
DA:309,0
DA:310,0
DA:313,0
DA:314,0
DA:317,0
DA:318,0
DA:321,0
DA:322,0
DA:328,0
DA:331,0
DA:334,0
DA:335,0
DA:341,0
DA:345,1
DA:349,25
DA:350,25
DA:351,25
DA:352,25
DA:353,25
DA:355,25
DA:356,0
DA:357,0
DA:360,25
DA:362,25
DA:367,127
DA:368,75
DA:370,52
DA:374,50
DA:375,50
DA:376,50
DA:377,50
DA:378,50
DA:379,50
DA:380,50
DA:381,50
DA:382,50
DA:385,0
DA:386,0
DA:387,0
DA:388,0
DA:389,0
DA:393,50
DA:400,25
DA:401,25
DA:402,0
DA:403,0
DA:409,2
DA:410,2
DA:411,0
DA:416,25
DA:417,25
DA:418,0
DA:419,0
DA:420,0
DA:421,0
DA:422,0
DA:424,0
DA:425,0
DA:426,0
DA:429,0
DA:430,0
DA:431,0
DA:432,0
DA:433,0
DA:434,0
DA:435,0
DA:436,0
DA:438,0
DA:445,52
DA:447,52
DA:449,50
DA:450,50
DA:451,50
DA:452,50
DA:453,50
DA:455,50
DA:456,25
DA:459,50
DA:469,50
DA:470,56
DA:476,50
DA:477,50
DA:478,50
DA:479,50
DA:480,50
DA:481,50
DA:482,50
DA:483,50
DA:485,50
DA:486,0
DA:487,0
DA:488,0
DA:489,0
DA:490,0
DA:495,50
DA:496,0
DA:497,0
DA:498,0
DA:499,0
DA:500,0
DA:506,50
DA:507,25
DA:508,25
DA:510,25
DA:511,0
DA:512,0
DA:513,0
DA:514,0
DA:515,0
DA:521,25
DA:522,0
DA:523,0
DA:524,0
DA:525,0
DA:526,0
DA:533,50
DA:534,2
DA:535,2
DA:536,2
DA:537,2
DA:538,0
DA:543,50
DA:545,1
DA:546,0
DA:547,0
DA:548,0
DA:549,0
DA:550,0
DA:552,0
DA:553,0
DA:555,0
DA:556,0
DA:562,25
DA:563,0
DA:564,0
DA:565,0
DA:569,25
DA:570,0
DA:571,0
DA:575,50
DA:576,25
DA:578,25
DA:581,50
DA:582,0
DA:585,50
DA:586,0
DA:591,0
DA:592,0
DA:593,0
DA:603,0
DA:604,0
DA:605,0
DA:606,0
DA:607,0
DA:608,0
DA:609,0
DA:615,0
DA:616,0
DA:617,0
DA:620,0
DA:621,0
DA:622,0
DA:623,0
DA:624,0
DA:625,0
DA:629,0
DA:630,0
DA:631,0
DA:636,0
DA:637,0
DA:638,0
DA:639,0
DA:644,0
DA:645,0
DA:646,0
DA:656,0
DA:657,0
DA:658,0
DA:659,0
DA:660,0
DA:661,0
DA:662,0
DA:668,0
DA:669,0
DA:670,0
DA:673,0
DA:674,0
DA:675,0
DA:676,0
DA:677,0
DA:678,0
DA:680,0
DA:684,27
DA:685,27
DA:686,1
DA:687,1
DA:688,1
DA:689,3
DA:690,1
DA:691,1
DA:692,1
DA:693,1
DA:694,10
DA:695,10
DA:696,10
DA:698,0
DA:700,10
DA:702,1
DA:704,2
DA:711,27
DA:712,27
DA:713,27
DA:714,27
DA:715,27
DA:717,27
DA:718,2
DA:721,27
DA:722,0
DA:723,0
DA:725,0
DA:726,0
DA:730,27
DA:732,27
DA:733,0
DA:739,0
DA:740,0
DA:741,0
DA:742,0
DA:743,0
DA:744,0
DA:745,0
DA:747,0
DA:749,27
DA:750,0
DA:751,0
DA:752,0
DA:754,0
DA:755,0
DA:756,0
DA:757,0
DA:764,0
DA:770,0
DA:771,0
DA:773,0
DA:774,0
DA:775,0
DA:777,0
DA:778,0
DA:779,0
DA:781,0
DA:783,0
DA:784,0
DA:786,0
DA:788,0
DA:789,0
DA:790,0
DA:791,0
DA:792,0
DA:793,0
DA:794,0
DA:796,0
DA:799,0
DA:800,0
DA:805,27
DA:806,27
DA:807,25
DA:808,25
DA:809,2
DA:810,0
DA:811,0
DA:813,27
DA:814,0
DA:815,0
DA:816,0
DA:817,0
DA:818,0
DA:819,0
DA:820,0
DA:822,0
DA:824,0
DA:827,27
DA:828,0
DA:831,27
DA:832,27
DA:833,27
DA:834,27
DA:835,27
DA:836,27
DA:837,27
DA:838,2
DA:841,27
DA:846,27
DA:847,27
DA:848,1
DA:850,27
DA:851,27
DA:852,2
DA:853,2
DA:854,2
DA:855,2
DA:857,2
DA:858,2
DA:859,2
DA:860,2
DA:862,2
DA:863,0
DA:866,25
DA:867,0
DA:869,0
DA:871,0
DA:872,0
DA:874,0
DA:875,0
DA:879,25
DA:880,25
DA:884,25
DA:885,25
DA:886,25
DA:887,0
DA:888,0
DA:890,25
DA:891,25
DA:895,25
DA:897,25
DA:898,88
DA:899,88
DA:900,88
DA:901,88
DA:902,88
DA:904,88
DA:905,128
DA:906,128
DA:907,0
DA:909,128
DA:912,128
DA:913,2
DA:915,126
DA:916,126
DA:918,128
DA:920,88
DA:921,88
DA:922,0
DA:928,25
DA:929,23
DA:930,23
DA:934,25
DA:935,25
DA:936,0
DA:938,25
DA:958,27
DA:959,25
DA:967,0
DA:971,0
DA:975,1
DA:976,25
DA:977,25
DA:1038,25
DA:1084,0
DA:1085,0
DA:1087,0
DA:1095,25
DA:1096,25
DA:1097,225
DA:1100,25
DA:1101,25
DA:1102,100
DA:1103,100
DA:1104,25
DA:1105,25
DA:1106,25
DA:1112,25
DA:1113,23
DA:1114,23
DA:1115,23
DA:1116,42
DA:1120,25
DA:1121,25
DA:1122,23
DA:1124,2
DA:1128,25
DA:1129,25
DA:1130,25
DA:1131,25
DA:1132,25
DA:1134,0
DA:1139,1
DA:1141,1
DA:1142,1
DA:1143,1
LF:539
LH:257
BRDA:15,1,0,0
BRDA:15,1,1,0
BRDA:20,2,0,0
BRDA:20,2,1,0
BRDA:29,3,0,0
BRDA:29,3,1,0
BRDA:34,4,0,0
BRDA:34,4,1,0
BRDA:35,5,0,0
BRDA:35,5,1,0
BRDA:87,6,0,25
BRDA:87,6,1,25
BRDA:103,7,0,0
BRDA:103,7,1,25
BRDA:125,8,0,1
BRDA:125,8,1,24
BRDA:129,9,0,0
BRDA:129,9,1,1
BRDA:133,10,0,1
BRDA:133,10,1,2
BRDA:142,11,0,0
BRDA:142,11,1,1
BRDA:146,12,0,1
BRDA:146,12,1,0
BRDA:169,13,0,24
BRDA:169,13,1,1
BRDA:180,14,0,0
BRDA:180,14,1,0
BRDA:182,15,0,0
BRDA:182,15,1,0
BRDA:189,16,0,0
BRDA:189,16,1,0
BRDA:193,17,0,0
BRDA:193,17,1,0
BRDA:211,18,0,0
BRDA:211,18,1,0
BRDA:219,19,0,0
BRDA:219,19,1,0
BRDA:219,20,0,0
BRDA:219,20,1,0
BRDA:223,21,0,0
BRDA:223,21,1,0
BRDA:223,22,0,0
BRDA:223,22,1,0
BRDA:244,23,0,0
BRDA:244,23,1,0
BRDA:250,24,0,0
BRDA:250,24,1,0
BRDA:261,25,0,0
BRDA:261,25,1,0
BRDA:262,26,0,0
BRDA:262,26,1,0
BRDA:262,27,0,0
BRDA:262,27,1,0
BRDA:264,28,0,0
BRDA:264,28,1,0
BRDA:264,29,0,0
BRDA:264,29,1,0
BRDA:264,29,2,0
BRDA:271,30,0,0
BRDA:271,30,1,0
BRDA:272,31,0,0
BRDA:272,31,1,0
BRDA:284,32,0,0
BRDA:284,32,1,0
BRDA:287,33,0,0
BRDA:287,33,1,0
BRDA:293,34,0,0
BRDA:293,34,1,0
BRDA:294,35,0,0
BRDA:294,35,1,0
BRDA:297,36,0,0
BRDA:297,36,1,0
BRDA:302,37,0,0
BRDA:302,37,1,0
BRDA:315,38,0,0
BRDA:315,38,1,0
BRDA:319,39,0,0
BRDA:319,39,1,0
BRDA:332,40,0,0
BRDA:332,40,1,0
BRDA:332,41,0,0
BRDA:332,41,1,0
BRDA:353,42,0,0
BRDA:353,42,1,25
BRDA:365,43,0,75
BRDA:365,43,1,52
BRDA:376,44,0,50
BRDA:376,44,1,0
BRDA:379,45,0,50
BRDA:379,45,1,0
BRDA:384,46,0,0
BRDA:384,46,1,0
BRDA:387,47,0,0
BRDA:387,47,1,0
BRDA:399,48,0,0
BRDA:399,48,1,25
BRDA:399,49,0,25
BRDA:399,49,1,0
BRDA:408,50,0,0
BRDA:408,50,1,2
BRDA:408,51,0,2
BRDA:408,51,1,0
BRDA:415,52,0,0
BRDA:415,52,1,25
BRDA:415,53,0,25
BRDA:415,53,1,0
BRDA:417,54,0,0
BRDA:417,54,1,0
BRDA:427,55,0,0
BRDA:427,55,1,0
BRDA:431,56,0,0
BRDA:431,56,1,0
BRDA:436,57,0,0
BRDA:436,57,1,0
BRDA:445,58,0,2
BRDA:445,58,1,50
BRDA:453,59,0,25
BRDA:453,59,1,25
BRDA:458,60,0,50
BRDA:458,60,1,25
BRDA:461,61,0,25
BRDA:461,61,1,25
BRDA:461,62,0,25
BRDA:461,62,1,0
BRDA:464,63,0,50
BRDA:464,63,1,25
BRDA:485,64,0,0
BRDA:485,64,1,0
BRDA:487,65,0,0
BRDA:487,65,1,0
BRDA:495,66,0,0
BRDA:495,66,1,0
BRDA:497,67,0,0
BRDA:497,67,1,0
BRDA:504,68,0,25
BRDA:504,68,1,25
BRDA:510,69,0,0
BRDA:510,69,1,0
BRDA:512,70,0,0
BRDA:512,70,1,0
BRDA:521,71,0,0
BRDA:521,71,1,0
BRDA:523,72,0,0
BRDA:523,72,1,0
BRDA:535,73,0,0
BRDA:535,73,1,2
BRDA:541,74,0,25
BRDA:541,74,1,25
BRDA:545,75,0,0
BRDA:545,75,1,0
BRDA:547,76,0,0
BRDA:547,76,1,0
BRDA:550,77,0,0
BRDA:550,77,1,0
BRDA:553,78,0,0
BRDA:553,78,1,0
BRDA:561,79,0,0
BRDA:561,79,1,0
BRDA:562,80,0,0
BRDA:562,80,1,0
BRDA:573,81,0,25
BRDA:573,81,1,25
BRDA:579,82,0,0
BRDA:579,82,1,50
BRDA:583,83,0,0
BRDA:583,83,1,50
BRDA:589,84,0,0
BRDA:589,84,1,0
BRDA:602,85,0,0
BRDA:602,85,1,0
BRDA:605,86,0,0
BRDA:605,86,1,0
BRDA:606,87,0,0
BRDA:606,87,1,0
BRDA:614,88,0,0
BRDA:614,88,1,0
BRDA:621,89,0,0
BRDA:621,89,1,0
BRDA:621,90,0,0
BRDA:621,90,1,0
BRDA:627,91,0,0
BRDA:627,91,1,0
BRDA:634,92,0,0
BRDA:634,92,1,0
BRDA:642,93,0,0
BRDA:642,93,1,0
BRDA:655,94,0,0
BRDA:655,94,1,0
BRDA:658,95,0,0
BRDA:658,95,1,0
BRDA:659,96,0,0
BRDA:659,96,1,0
BRDA:667,97,0,0
BRDA:667,97,1,0
BRDA:674,98,0,0
BRDA:674,98,1,0
BRDA:674,99,0,0
BRDA:674,99,1,0
BRDA:683,100,0,1
BRDA:683,100,1,26
BRDA:683,101,0,27
BRDA:683,101,1,27
BRDA:687,102,0,1
BRDA:687,102,1,2
BRDA:693,103,0,10
BRDA:693,103,1,0
BRDA:715,104,0,2
BRDA:715,104,1,25
BRDA:719,105,0,0
BRDA:719,105,1,27
BRDA:720,106,0,0
BRDA:720,106,1,0
BRDA:730,107,0,0
BRDA:730,107,1,27
BRDA:737,108,0,0
BRDA:737,108,1,0
BRDA:740,109,0,0
BRDA:740,109,1,0
BRDA:742,110,0,0
BRDA:742,110,1,27
BRDA:743,111,0,0
BRDA:743,111,1,0
BRDA:749,112,0,0
BRDA:749,112,1,0
BRDA:763,113,0,0
BRDA:763,113,1,0
BRDA:767,114,0,0
BRDA:767,114,1,0
BRDA:771,115,0,0
BRDA:771,115,1,0
BRDA:776,116,0,0
BRDA:776,116,1,0
BRDA:786,117,0,0
BRDA:786,117,1,0
BRDA:789,118,0,0
BRDA:789,118,1,0
BRDA:792,119,0,0
BRDA:792,119,1,0
BRDA:799,120,0,25
BRDA:799,120,1,2
BRDA:802,121,0,0
BRDA:802,121,1,2
BRDA:806,122,0,27
BRDA:806,122,1,0
BRDA:807,123,0,0
BRDA:807,123,1,0
BRDA:808,124,0,0
BRDA:808,124,1,0
BRDA:809,125,0,0
BRDA:809,125,1,0
BRDA:810,126,0,0
BRDA:810,126,1,0
BRDA:812,127,0,0
BRDA:812,127,1,0
BRDA:820,128,0,0
BRDA:820,128,1,27
BRDA:826,129,0,25
BRDA:826,129,1,2
BRDA:830,130,0,2
BRDA:830,130,1,25
BRDA:834,131,0,2
BRDA:834,131,1,25
BRDA:840,132,0,1
BRDA:840,132,1,26
BRDA:844,133,0,2
BRDA:844,133,1,25
BRDA:844,134,0,27
BRDA:844,134,1,27
BRDA:844,134,2,2
BRDA:844,134,3,2
BRDA:855,135,0,0
BRDA:855,135,1,2
BRDA:859,136,0,0
BRDA:859,136,1,25
BRDA:867,137,0,0
BRDA:867,137,1,0
BRDA:878,138,0,25
BRDA:878,138,1,0
BRDA:879,139,0,0
BRDA:879,139,1,25
BRDA:880,140,0,0
BRDA:880,140,1,0
BRDA:888,141,0,0
BRDA:888,141,1,25
BRDA:891,142,0,88
BRDA:891,142,1,0
BRDA:894,143,0,88
BRDA:894,143,1,0
BRDA:899,144,0,0
BRDA:899,144,1,128
BRDA:899,145,0,128
BRDA:899,145,1,0
BRDA:899,145,2,0
BRDA:905,146,0,2
BRDA:905,146,1,126
BRDA:905,147,0,128
BRDA:905,147,1,6
BRDA:905,147,2,2
BRDA:905,147,3,2
BRDA:914,148,0,0
BRDA:914,148,1,88
BRDA:921,149,0,23
BRDA:921,149,1,2
BRDA:927,150,0,25
BRDA:927,150,1,0
BRDA:928,151,0,0
BRDA:928,151,1,25
BRDA:951,152,0,25
BRDA:951,152,1,2
BRDA:951,153,0,27
BRDA:951,153,1,27
BRDA:1090,154,0,202
BRDA:1090,154,1,23
BRDA:1096,155,0,25
BRDA:1096,155,1,75
BRDA:1098,156,0,25
BRDA:1098,156,1,0
BRDA:1105,157,0,23
BRDA:1105,157,1,2
BRDA:1105,158,0,25
BRDA:1105,158,1,25
BRDA:1105,158,2,23
BRDA:1113,159,0,25
BRDA:1113,159,1,0
BRDA:1114,160,0,23
BRDA:1114,160,1,2
BRDA:1123,161,0,25
BRDA:1123,161,1,25
BRDA:1123,161,2,25
BRDA:1124,162,0,25
BRDA:1124,162,1,0
BRDA:1124,163,0,25
BRDA:1124,163,1,0
BRF:334
BRH:116
end_of_record
