TN:
SF:/Users/lzz/github/bootstrap3-grid/src/bootstrap3-grid.js
FN:8,dataPage
FN:14,supportsHistoryApi
FN:18,defaultUrlWriter
FN:28,defaultUrlReader
FN:48,(anonymous_5)
FN:85,(anonymous_6)
FN:115,(anonymous_7)
FN:168,(anonymous_8)
FN:176,(anonymous_9)
FN:192,(anonymous_10)
FN:207,(anonymous_11)
FN:210,(anonymous_12)
FN:216,(anonymous_13)
FN:229,(anonymous_14)
FN:233,(anonymous_15)
FN:237,(anonymous_16)
FN:245,(anonymous_17)
FN:252,(anonymous_18)
FN:276,setSortHeadings
FN:285,sort
FN:291,(anonymous_21)
FN:297,(anonymous_22)
FN:301,(anonymous_23)
FN:305,(anonymous_24)
FN:329,(anonymous_25)
FN:336,(anonymous_26)
FN:362,(anonymous_27)
FN:365,(anonymous_28)
FN:371,(anonymous_29)
FN:378,(anonymous_30)
FN:407,(anonymous_31)
FN:444,(anonymous_32)
FN:448,(anonymous_33)
FN:454,(anonymous_34)
FN:458,(anonymous_35)
FN:469,(anonymous_36)
FN:473,(anonymous_37)
FN:480,(anonymous_38)
FN:484,(anonymous_39)
FN:492,(anonymous_40)
FN:496,(anonymous_41)
FN:504,gotoTextPickerPage
FN:514,(anonymous_43)
FN:521,(anonymous_44)
FN:528,(anonymous_45)
FN:549,(anonymous_46)
FN:556,(anonymous_47)
FN:564,(anonymous_48)
FN:576,(anonymous_49)
FN:604,(anonymous_50)
FN:609,(anonymous_51)
FN:631,(anonymous_52)
FN:654,(anonymous_53)
FN:685,(anonymous_54)
FN:714,(anonymous_55)
FN:729,(anonymous_56)
FN:761,(anonymous_57)
FN:813,(anonymous_58)
FN:820,(anonymous_59)
FN:882,(anonymous_60)
FN:886,(anonymous_61)
FN:891,(anonymous_62)
FN:998,(anonymous_63)
FN:1000,(anonymous_64)
FN:1012,(anonymous_65)
FN:1017,(anonymous_66)
FN:1020,(anonymous_67)
FN:1044,(anonymous_68)
FN:1057,(anonymous_69)
FNF:69
FNH:27
FNDA:25,dataPage
FNDA:0,supportsHistoryApi
FNDA:0,defaultUrlWriter
FNDA:0,defaultUrlReader
FNDA:25,(anonymous_5)
FNDA:25,(anonymous_6)
FNDA:25,(anonymous_7)
FNDA:25,(anonymous_8)
FNDA:0,(anonymous_9)
FNDA:0,(anonymous_10)
FNDA:0,(anonymous_11)
FNDA:0,(anonymous_12)
FNDA:0,(anonymous_13)
FNDA:0,(anonymous_14)
FNDA:1,(anonymous_15)
FNDA:25,(anonymous_16)
FNDA:0,(anonymous_17)
FNDA:43,(anonymous_18)
FNDA:0,setSortHeadings
FNDA:0,sort
FNDA:0,(anonymous_21)
FNDA:0,(anonymous_22)
FNDA:0,(anonymous_23)
FNDA:0,(anonymous_24)
FNDA:127,(anonymous_25)
FNDA:50,(anonymous_26)
FNDA:25,(anonymous_27)
FNDA:0,(anonymous_28)
FNDA:2,(anonymous_29)
FNDA:25,(anonymous_30)
FNDA:52,(anonymous_31)
FNDA:0,(anonymous_32)
FNDA:0,(anonymous_33)
FNDA:0,(anonymous_34)
FNDA:0,(anonymous_35)
FNDA:0,(anonymous_36)
FNDA:0,(anonymous_37)
FNDA:0,(anonymous_38)
FNDA:0,(anonymous_39)
FNDA:2,(anonymous_40)
FNDA:0,(anonymous_41)
FNDA:0,gotoTextPickerPage
FNDA:0,(anonymous_43)
FNDA:0,(anonymous_44)
FNDA:0,(anonymous_45)
FNDA:0,(anonymous_46)
FNDA:0,(anonymous_47)
FNDA:0,(anonymous_48)
FNDA:0,(anonymous_49)
FNDA:27,(anonymous_50)
FNDA:3,(anonymous_51)
FNDA:27,(anonymous_52)
FNDA:0,(anonymous_53)
FNDA:0,(anonymous_54)
FNDA:0,(anonymous_55)
FNDA:0,(anonymous_56)
FNDA:27,(anonymous_57)
FNDA:88,(anonymous_58)
FNDA:128,(anonymous_59)
FNDA:0,(anonymous_60)
FNDA:0,(anonymous_61)
FNDA:25,(anonymous_62)
FNDA:0,(anonymous_63)
FNDA:0,(anonymous_64)
FNDA:225,(anonymous_65)
FNDA:100,(anonymous_66)
FNDA:25,(anonymous_67)
FNDA:25,(anonymous_68)
FNDA:1,(anonymous_69)
DA:1,1
DA:2,1
DA:4,1
DA:5,1
DA:6,1
DA:8,1
DA:9,25
DA:10,25
DA:11,25
DA:14,1
DA:15,0
DA:18,1
DA:19,0
DA:20,0
DA:21,0
DA:24,0
DA:26,0
DA:29,1
DA:30,0
DA:31,0
DA:32,0
DA:33,0
DA:39,0
DA:49,1
DA:50,25
DA:51,25
DA:53,25
DA:56,1
DA:87,25
DA:88,25
DA:90,25
DA:92,25
DA:93,25
DA:94,25
DA:95,25
DA:96,25
DA:97,25
DA:99,25
DA:101,25
DA:102,25
DA:104,25
DA:105,0
DA:107,25
DA:117,25
DA:118,25
DA:119,25
DA:120,25
DA:121,25
DA:122,25
DA:123,25
DA:126,25
DA:127,1
DA:128,1
DA:130,1
DA:131,0
DA:133,1
DA:134,3
DA:135,1
DA:137,2
DA:140,1
DA:143,1
DA:144,0
DA:146,1
DA:147,1
DA:148,1
DA:149,1
DA:151,0
DA:154,1
DA:158,1
DA:159,1
DA:160,1
DA:171,25
DA:172,24
DA:174,1
DA:175,1
DA:176,1
DA:178,1
DA:179,0
DA:180,0
DA:181,0
DA:182,0
DA:183,0
DA:184,0
DA:186,0
DA:187,0
DA:188,0
DA:190,0
DA:191,0
DA:194,1
DA:195,0
DA:196,0
DA:197,0
DA:199,0
DA:211,0
DA:212,0
DA:213,0
DA:214,0
DA:216,0
DA:220,0
DA:222,0
DA:223,0
DA:226,0
DA:227,0
DA:233,0
DA:237,1
DA:241,25
DA:242,25
DA:243,25
DA:244,25
DA:245,25
DA:247,25
DA:248,0
DA:249,0
DA:253,25
DA:254,25
DA:255,25
DA:256,43
DA:257,43
DA:258,43
DA:259,43
DA:260,43
DA:261,43
DA:262,43
DA:264,43
DA:265,43
DA:266,1
DA:267,42
DA:268,0
DA:271,43
DA:272,0
DA:273,0
DA:275,0
DA:276,0
DA:277,0
DA:279,1
DA:280,0
DA:281,0
DA:282,0
DA:284,0
DA:285,0
DA:288,1
DA:289,0
DA:290,0
DA:291,0
DA:293,0
DA:294,0
DA:295,0
DA:299,0
DA:300,0
DA:301,0
DA:304,0
DA:305,0
DA:308,0
DA:309,0
DA:312,0
DA:313,0
DA:316,43
DA:317,42
DA:320,43
DA:323,0
DA:326,25
DA:328,25
DA:333,127
DA:334,75
DA:336,52
DA:340,50
DA:341,50
DA:342,50
DA:343,50
DA:344,50
DA:345,50
DA:346,50
DA:347,50
DA:348,50
DA:351,0
DA:352,0
DA:353,0
DA:354,0
DA:355,0
DA:359,50
DA:366,25
DA:367,25
DA:368,0
DA:369,0
DA:375,2
DA:376,2
DA:377,0
DA:382,25
DA:383,25
DA:384,0
DA:385,0
DA:386,0
DA:387,0
DA:388,0
DA:391,0
DA:392,0
DA:393,0
DA:396,0
DA:397,0
DA:398,0
DA:399,0
DA:400,0
DA:401,0
DA:402,0
DA:403,0
DA:405,0
DA:412,52
DA:414,52
DA:416,50
DA:417,50
DA:418,50
DA:419,50
DA:420,50
DA:422,50
DA:423,25
DA:426,50
DA:436,50
DA:437,56
DA:439,50
DA:440,50
DA:441,50
DA:442,50
DA:443,50
DA:444,50
DA:445,50
DA:446,50
DA:448,50
DA:449,0
DA:450,0
DA:451,0
DA:452,0
DA:453,0
DA:458,50
DA:459,0
DA:460,0
DA:461,0
DA:462,0
DA:463,0
DA:469,50
DA:470,25
DA:471,25
DA:474,25
DA:475,0
DA:476,0
DA:477,0
DA:478,0
DA:479,0
DA:485,25
DA:486,0
DA:487,0
DA:488,0
DA:489,0
DA:490,0
DA:497,50
DA:498,2
DA:499,2
DA:500,2
DA:501,2
DA:502,0
DA:507,50
DA:509,1
DA:510,0
DA:511,0
DA:512,0
DA:513,0
DA:514,0
DA:516,0
DA:517,0
DA:519,0
DA:520,0
DA:526,25
DA:527,0
DA:528,0
DA:529,0
DA:533,25
DA:534,0
DA:535,0
DA:539,50
DA:540,25
DA:542,25
DA:545,50
DA:546,0
DA:549,50
DA:550,0
DA:555,0
DA:556,0
DA:557,0
DA:562,0
DA:563,0
DA:564,0
DA:565,0
DA:570,0
DA:571,0
DA:572,0
DA:582,0
DA:583,0
DA:584,0
DA:585,0
DA:586,0
DA:587,0
DA:588,0
DA:594,0
DA:595,0
DA:596,0
DA:599,0
DA:600,0
DA:601,0
DA:603,0
DA:604,0
DA:605,0
DA:607,0
DA:611,27
DA:612,27
DA:613,1
DA:614,1
DA:615,1
DA:616,3
DA:617,1
DA:618,1
DA:619,1
DA:620,1
DA:621,10
DA:622,10
DA:623,10
DA:626,0
DA:628,10
DA:630,1
DA:633,2
DA:640,27
DA:641,27
DA:642,27
DA:643,27
DA:644,27
DA:646,27
DA:647,2
DA:650,27
DA:651,0
DA:652,0
DA:655,0
DA:656,0
DA:660,27
DA:662,27
DA:663,0
DA:669,0
DA:670,0
DA:671,0
DA:672,0
DA:673,0
DA:674,0
DA:675,0
DA:677,0
DA:680,27
DA:681,0
DA:682,0
DA:683,0
DA:685,0
DA:686,0
DA:687,0
DA:688,0
DA:695,0
DA:701,0
DA:702,0
DA:704,0
DA:705,0
DA:706,0
DA:708,0
DA:709,0
DA:710,0
DA:712,0
DA:714,0
DA:715,0
DA:717,0
DA:719,0
DA:720,0
DA:721,0
DA:722,0
DA:723,0
DA:724,0
DA:725,0
DA:727,0
DA:730,0
DA:731,0
DA:737,27
DA:738,27
DA:739,25
DA:740,25
DA:741,2
DA:742,0
DA:743,0
DA:745,27
DA:746,0
DA:747,0
DA:748,0
DA:749,0
DA:750,0
DA:751,0
DA:752,0
DA:754,0
DA:756,0
DA:759,27
DA:760,0
DA:763,27
DA:764,27
DA:765,27
DA:766,27
DA:767,27
DA:768,27
DA:769,27
DA:770,2
DA:773,27
DA:778,27
DA:779,27
DA:780,1
DA:782,27
DA:783,27
DA:784,2
DA:785,2
DA:786,2
DA:787,2
DA:789,2
DA:790,2
DA:791,2
DA:792,2
DA:794,2
DA:795,0
DA:798,25
DA:799,0
DA:801,0
DA:803,0
DA:804,0
DA:806,0
DA:807,0
DA:811,25
DA:812,25
DA:816,25
DA:817,25
DA:818,25
DA:819,0
DA:820,0
DA:823,25
DA:824,25
DA:828,25
DA:830,25
DA:831,88
DA:832,88
DA:833,88
DA:834,88
DA:835,88
DA:837,88
DA:838,128
DA:839,128
DA:840,0
DA:842,128
DA:845,128
DA:846,2
DA:848,126
DA:849,126
DA:851,128
DA:853,88
DA:854,88
DA:855,0
DA:861,25
DA:862,23
DA:863,23
DA:867,25
DA:868,25
DA:869,0
DA:872,25
DA:892,27
DA:893,25
DA:901,0
DA:905,0
DA:909,1
DA:910,25
DA:911,25
DA:972,25
DA:1018,0
DA:1019,0
DA:1021,0
DA:1029,25
DA:1030,25
DA:1031,225
DA:1034,25
DA:1035,25
DA:1036,100
DA:1037,100
DA:1038,25
DA:1039,25
DA:1040,25
DA:1046,25
DA:1047,23
DA:1048,23
DA:1049,23
DA:1050,42
DA:1054,25
DA:1055,25
DA:1056,23
DA:1059,2
DA:1063,25
DA:1064,25
DA:1065,25
DA:1066,25
DA:1067,25
DA:1070,0
DA:1075,1
DA:1077,1
DA:1078,1
DA:1079,1
LF:508
LH:275
BRDA:15,1,0,0
BRDA:15,1,1,0
BRDA:20,2,0,0
BRDA:20,2,1,0
BRDA:29,3,0,0
BRDA:29,3,1,0
BRDA:34,4,0,0
BRDA:34,4,1,0
BRDA:35,5,0,0
BRDA:35,5,1,0
BRDA:87,6,0,25
BRDA:87,6,1,25
BRDA:103,7,0,0
BRDA:103,7,1,25
BRDA:125,8,0,1
BRDA:125,8,1,24
BRDA:129,9,0,0
BRDA:129,9,1,1
BRDA:133,10,0,1
BRDA:133,10,1,2
BRDA:142,11,0,0
BRDA:142,11,1,1
BRDA:146,12,0,1
BRDA:146,12,1,0
BRDA:169,13,0,24
BRDA:169,13,1,1
BRDA:180,14,0,0
BRDA:180,14,1,0
BRDA:182,15,0,0
BRDA:182,15,1,0
BRDA:189,16,0,0
BRDA:189,16,1,0
BRDA:193,17,0,0
BRDA:193,17,1,0
BRDA:211,18,0,0
BRDA:211,18,1,0
BRDA:219,19,0,0
BRDA:219,19,1,0
BRDA:219,20,0,0
BRDA:219,20,1,0
BRDA:223,21,0,0
BRDA:223,21,1,0
BRDA:223,22,0,0
BRDA:223,22,1,0
BRDA:244,23,0,0
BRDA:244,23,1,25
BRDA:250,24,0,25
BRDA:250,24,1,0
BRDA:261,25,0,1
BRDA:261,25,1,42
BRDA:262,26,0,1
BRDA:262,26,1,42
BRDA:262,27,0,43
BRDA:262,27,1,3
BRDA:264,28,0,0
BRDA:264,28,1,42
BRDA:264,29,0,42
BRDA:264,29,1,2
BRDA:264,29,2,0
BRDA:268,30,0,0
BRDA:268,30,1,43
BRDA:269,31,0,0
BRDA:269,31,1,0
BRDA:278,32,0,0
BRDA:278,32,1,0
BRDA:281,33,0,0
BRDA:281,33,1,0
BRDA:287,34,0,0
BRDA:287,34,1,0
BRDA:288,35,0,0
BRDA:288,35,1,0
BRDA:291,36,0,0
BRDA:291,36,1,0
BRDA:296,37,0,0
BRDA:296,37,1,0
BRDA:309,38,0,0
BRDA:309,38,1,0
BRDA:313,39,0,42
BRDA:313,39,1,1
BRDA:330,40,0,75
BRDA:330,40,1,52
BRDA:341,41,0,50
BRDA:341,41,1,0
BRDA:344,42,0,50
BRDA:344,42,1,0
BRDA:349,43,0,0
BRDA:349,43,1,0
BRDA:352,44,0,0
BRDA:352,44,1,0
BRDA:364,45,0,0
BRDA:364,45,1,25
BRDA:364,46,0,25
BRDA:364,46,1,0
BRDA:373,47,0,0
BRDA:373,47,1,2
BRDA:373,48,0,2
BRDA:373,48,1,0
BRDA:380,49,0,0
BRDA:380,49,1,25
BRDA:380,50,0,25
BRDA:380,50,1,0
BRDA:382,51,0,0
BRDA:382,51,1,0
BRDA:392,52,0,0
BRDA:392,52,1,0
BRDA:396,53,0,0
BRDA:396,53,1,0
BRDA:401,54,0,0
BRDA:401,54,1,0
BRDA:410,55,0,2
BRDA:410,55,1,50
BRDA:418,56,0,25
BRDA:418,56,1,25
BRDA:423,57,0,50
BRDA:423,57,1,25
BRDA:426,58,0,25
BRDA:426,58,1,25
BRDA:426,59,0,25
BRDA:426,59,1,0
BRDA:429,60,0,50
BRDA:429,60,1,25
BRDA:446,61,0,0
BRDA:446,61,1,0
BRDA:448,62,0,0
BRDA:448,62,1,0
BRDA:456,63,0,0
BRDA:456,63,1,0
BRDA:458,64,0,0
BRDA:458,64,1,0
BRDA:465,65,0,25
BRDA:465,65,1,25
BRDA:471,66,0,0
BRDA:471,66,1,0
BRDA:473,67,0,0
BRDA:473,67,1,0
BRDA:482,68,0,0
BRDA:482,68,1,0
BRDA:484,69,0,0
BRDA:484,69,1,0
BRDA:496,70,0,0
BRDA:496,70,1,2
BRDA:502,71,0,25
BRDA:502,71,1,25
BRDA:506,72,0,0
BRDA:506,72,1,0
BRDA:508,73,0,0
BRDA:508,73,1,0
BRDA:511,74,0,0
BRDA:511,74,1,0
BRDA:514,75,0,0
BRDA:514,75,1,0
BRDA:522,76,0,0
BRDA:522,76,1,0
BRDA:523,77,0,0
BRDA:523,77,1,0
BRDA:534,78,0,25
BRDA:534,78,1,25
BRDA:540,79,0,0
BRDA:540,79,1,50
BRDA:544,80,0,0
BRDA:544,80,1,50
BRDA:550,81,0,0
BRDA:550,81,1,0
BRDA:557,82,0,0
BRDA:557,82,1,0
BRDA:565,83,0,0
BRDA:565,83,1,0
BRDA:578,84,0,0
BRDA:578,84,1,0
BRDA:581,85,0,0
BRDA:581,85,1,0
BRDA:582,86,0,0
BRDA:582,86,1,0
BRDA:590,87,0,0
BRDA:590,87,1,0
BRDA:597,88,0,0
BRDA:597,88,1,0
BRDA:597,89,0,0
BRDA:597,89,1,0
BRDA:606,90,0,1
BRDA:606,90,1,26
BRDA:606,91,0,27
BRDA:606,91,1,27
BRDA:610,92,0,1
BRDA:610,92,1,2
BRDA:616,93,0,10
BRDA:616,93,1,0
BRDA:638,94,0,2
BRDA:638,94,1,25
BRDA:642,95,0,0
BRDA:642,95,1,27
BRDA:643,96,0,0
BRDA:643,96,1,0
BRDA:653,97,0,0
BRDA:653,97,1,27
BRDA:660,98,0,0
BRDA:660,98,1,0
BRDA:663,99,0,0
BRDA:663,99,1,0
BRDA:665,100,0,0
BRDA:665,100,1,27
BRDA:666,101,0,0
BRDA:666,101,1,0
BRDA:672,102,0,0
BRDA:672,102,1,0
BRDA:686,103,0,0
BRDA:686,103,1,0
BRDA:690,104,0,0
BRDA:690,104,1,0
BRDA:694,105,0,0
BRDA:694,105,1,0
BRDA:699,106,0,0
BRDA:699,106,1,0
BRDA:709,107,0,0
BRDA:709,107,1,0
BRDA:712,108,0,0
BRDA:712,108,1,0
BRDA:715,109,0,0
BRDA:715,109,1,0
BRDA:722,110,0,25
BRDA:722,110,1,2
BRDA:725,111,0,0
BRDA:725,111,1,2
BRDA:729,112,0,27
BRDA:729,112,1,0
BRDA:730,113,0,0
BRDA:730,113,1,0
BRDA:731,114,0,0
BRDA:731,114,1,0
BRDA:732,115,0,0
BRDA:732,115,1,0
BRDA:733,116,0,0
BRDA:733,116,1,0
BRDA:735,117,0,0
BRDA:735,117,1,0
BRDA:743,118,0,0
BRDA:743,118,1,27
BRDA:749,119,0,25
BRDA:749,119,1,2
BRDA:753,120,0,2
BRDA:753,120,1,25
BRDA:757,121,0,2
BRDA:757,121,1,25
BRDA:763,122,0,1
BRDA:763,122,1,26
BRDA:767,123,0,2
BRDA:767,123,1,25
BRDA:767,124,0,27
BRDA:767,124,1,27
BRDA:767,124,2,2
BRDA:767,124,3,2
BRDA:778,125,0,0
BRDA:778,125,1,2
BRDA:782,126,0,0
BRDA:782,126,1,25
BRDA:790,127,0,0
BRDA:790,127,1,0
BRDA:801,128,0,25
BRDA:801,128,1,0
BRDA:802,129,0,0
BRDA:802,129,1,25
BRDA:803,130,0,0
BRDA:803,130,1,0
BRDA:811,131,0,0
BRDA:811,131,1,25
BRDA:814,132,0,88
BRDA:814,132,1,0
BRDA:817,133,0,88
BRDA:817,133,1,0
BRDA:822,134,0,0
BRDA:822,134,1,128
BRDA:822,135,0,128
BRDA:822,135,1,0
BRDA:822,135,2,0
BRDA:828,136,0,2
BRDA:828,136,1,126
BRDA:828,137,0,128
BRDA:828,137,1,6
BRDA:828,137,2,2
BRDA:828,137,3,2
BRDA:837,138,0,0
BRDA:837,138,1,88
BRDA:844,139,0,23
BRDA:844,139,1,2
BRDA:850,140,0,25
BRDA:850,140,1,0
BRDA:851,141,0,0
BRDA:851,141,1,25
BRDA:874,142,0,25
BRDA:874,142,1,2
BRDA:874,143,0,27
BRDA:874,143,1,27
BRDA:1013,144,0,202
BRDA:1013,144,1,23
BRDA:1019,145,0,25
BRDA:1019,145,1,75
BRDA:1021,146,0,25
BRDA:1021,146,1,0
BRDA:1028,147,0,23
BRDA:1028,147,1,2
BRDA:1028,148,0,25
BRDA:1028,148,1,25
BRDA:1028,148,2,23
BRDA:1036,149,0,25
BRDA:1036,149,1,0
BRDA:1037,150,0,23
BRDA:1037,150,1,2
BRDA:1046,151,0,25
BRDA:1046,151,1,25
BRDA:1046,151,2,25
BRDA:1047,152,0,25
BRDA:1047,152,1,0
BRDA:1047,153,0,25
BRDA:1047,153,1,0
BRF:314
BRH:129
end_of_record
